<?xml version="1.0" encoding="UTF-8"?>
<!-- Generated by org.testng.reporters.JUnitXMLReporter -->
<testsuite ignored="0" hostname="DESKTOP-02GK4BS" failures="0" tests="4" name="Test3" time="34.349" errors="0" timestamp="2024-06-23T17:51:03 IST">
  <testcase classname="projectTestCases.CategoryTC" name="logIn" time="4.013"/>
  <testcase classname="projectTestCases.CategoryTC" name="add_category" time="8.995"/>
  <testcase classname="projectTestCases.CategoryTC" name="SearchCategory" time="4.671"/>
  <testcase classname="projectTestCases.CategoryTC" name="deleteCategory" time="6.812"/>
</testsuite> <!-- Test3 -->
